{"G:\\Code_Playground\\Web_development\\SugarCraft\\src\\index.js": {"path":"G:\\Code_Playground\\Web_development\\SugarCraft\\src\\index.js","statementMap":{"0":{"start":{"line":1,"column":0},"end":{"line":1,"column":52}},"1":{"start":{"line":2,"column":16},"end":{"line":2,"column":34}},"2":{"start":{"line":3,"column":12},"end":{"line":3,"column":21}},"3":{"start":{"line":4,"column":0},"end":{"line":4,"column":24}},"4":{"start":{"line":6,"column":19},"end":{"line":6,"column":49}},"5":{"start":{"line":7,"column":20},"end":{"line":7,"column":51}},"6":{"start":{"line":9,"column":0},"end":{"line":9,"column":33}},"7":{"start":{"line":10,"column":0},"end":{"line":10,"column":36}},"8":{"start":{"line":12,"column":0},"end":{"line":14,"column":3}},"9":{"start":{"line":13,"column":2},"end":{"line":13,"column":40}},"10":{"start":{"line":16,"column":0},"end":{"line":16,"column":21}}},"fnMap":{"0":{"name":"(anonymous_0)","decl":{"start":{"line":12,"column":13},"end":{"line":12,"column":14}},"loc":{"start":{"line":12,"column":27},"end":{"line":14,"column":1}},"line":12}},"branchMap":{},"s":{"0":4,"1":4,"2":4,"3":4,"4":4,"5":4,"6":4,"7":4,"8":4,"9":0,"10":4},"f":{"0":0},"b":{},"_coverageSchema":"1a1c01bbd47fc00a2c39e90264f33305004495a9","hash":"b91244dfabac5f56fe37a92d5f95fa28df718cd7"}
,"G:\\Code_Playground\\Web_development\\SugarCraft\\src\\controllers\\authController.js": {"path":"G:\\Code_Playground\\Web_development\\SugarCraft\\src\\controllers\\authController.js","statementMap":{"0":{"start":{"line":1,"column":13},"end":{"line":1,"column":38}},"1":{"start":{"line":2,"column":15},"end":{"line":2,"column":34}},"2":{"start":{"line":3,"column":12},"end":{"line":3,"column":35}},"3":{"start":{"line":5,"column":0},"end":{"line":21,"column":2}},"4":{"start":{"line":6,"column":39},"end":{"line":6,"column":47}},"5":{"start":{"line":7,"column":2},"end":{"line":9,"column":3}},"6":{"start":{"line":8,"column":4},"end":{"line":8,"column":79}},"7":{"start":{"line":10,"column":2},"end":{"line":20,"column":3}},"8":{"start":{"line":11,"column":25},"end":{"line":11,"column":57}},"9":{"start":{"line":12,"column":4},"end":{"line":14,"column":5}},"10":{"start":{"line":13,"column":6},"end":{"line":13,"column":70}},"11":{"start":{"line":15,"column":27},"end":{"line":15,"column":58}},"12":{"start":{"line":16,"column":4},"end":{"line":16,"column":88}},"13":{"start":{"line":17,"column":4},"end":{"line":17,"column":70}},"14":{"start":{"line":19,"column":4},"end":{"line":19,"column":54}},"15":{"start":{"line":23,"column":0},"end":{"line":42,"column":2}},"16":{"start":{"line":24,"column":33},"end":{"line":24,"column":41}},"17":{"start":{"line":25,"column":2},"end":{"line":27,"column":3}},"18":{"start":{"line":26,"column":4},"end":{"line":26,"column":79}},"19":{"start":{"line":28,"column":2},"end":{"line":41,"column":3}},"20":{"start":{"line":29,"column":17},"end":{"line":29,"column":49}},"21":{"start":{"line":30,"column":4},"end":{"line":32,"column":5}},"22":{"start":{"line":31,"column":6},"end":{"line":31,"column":70}},"23":{"start":{"line":33,"column":20},"end":{"line":33,"column":65}},"24":{"start":{"line":34,"column":4},"end":{"line":36,"column":5}},"25":{"start":{"line":35,"column":6},"end":{"line":35,"column":70}},"26":{"start":{"line":37,"column":18},"end":{"line":37,"column":135}},"27":{"start":{"line":38,"column":4},"end":{"line":38,"column":43}},"28":{"start":{"line":40,"column":4},"end":{"line":40,"column":54}},"29":{"start":{"line":44,"column":0},"end":{"line":47,"column":2}},"30":{"start":{"line":46,"column":2},"end":{"line":46,"column":91}}},"fnMap":{"0":{"name":"(anonymous_0)","decl":{"start":{"line":5,"column":19},"end":{"line":5,"column":20}},"loc":{"start":{"line":5,"column":39},"end":{"line":21,"column":1}},"line":5},"1":{"name":"(anonymous_1)","decl":{"start":{"line":23,"column":16},"end":{"line":23,"column":17}},"loc":{"start":{"line":23,"column":36},"end":{"line":42,"column":1}},"line":23},"2":{"name":"(anonymous_2)","decl":{"start":{"line":44,"column":17},"end":{"line":44,"column":18}},"loc":{"start":{"line":44,"column":31},"end":{"line":47,"column":1}},"line":44}},"branchMap":{"0":{"loc":{"start":{"line":7,"column":2},"end":{"line":9,"column":3}},"type":"if","locations":[{"start":{"line":7,"column":2},"end":{"line":9,"column":3}},{"start":{},"end":{}}],"line":7},"1":{"loc":{"start":{"line":7,"column":6},"end":{"line":7,"column":28}},"type":"binary-expr","locations":[{"start":{"line":7,"column":6},"end":{"line":7,"column":15}},{"start":{"line":7,"column":19},"end":{"line":7,"column":28}}],"line":7},"2":{"loc":{"start":{"line":12,"column":4},"end":{"line":14,"column":5}},"type":"if","locations":[{"start":{"line":12,"column":4},"end":{"line":14,"column":5}},{"start":{},"end":{}}],"line":12},"3":{"loc":{"start":{"line":16,"column":66},"end":{"line":16,"column":84}},"type":"binary-expr","locations":[{"start":{"line":16,"column":66},"end":{"line":16,"column":70}},{"start":{"line":16,"column":74},"end":{"line":16,"column":84}}],"line":16},"4":{"loc":{"start":{"line":25,"column":2},"end":{"line":27,"column":3}},"type":"if","locations":[{"start":{"line":25,"column":2},"end":{"line":27,"column":3}},{"start":{},"end":{}}],"line":25},"5":{"loc":{"start":{"line":25,"column":6},"end":{"line":25,"column":28}},"type":"binary-expr","locations":[{"start":{"line":25,"column":6},"end":{"line":25,"column":15}},{"start":{"line":25,"column":19},"end":{"line":25,"column":28}}],"line":25},"6":{"loc":{"start":{"line":30,"column":4},"end":{"line":32,"column":5}},"type":"if","locations":[{"start":{"line":30,"column":4},"end":{"line":32,"column":5}},{"start":{},"end":{}}],"line":30},"7":{"loc":{"start":{"line":34,"column":4},"end":{"line":36,"column":5}},"type":"if","locations":[{"start":{"line":34,"column":4},"end":{"line":36,"column":5}},{"start":{},"end":{}}],"line":34}},"s":{"0":4,"1":4,"2":4,"3":4,"4":15,"5":15,"6":0,"7":15,"8":15,"9":15,"10":1,"11":14,"12":14,"13":14,"14":0,"15":4,"16":12,"17":12,"18":0,"19":12,"20":12,"21":12,"22":0,"23":12,"24":12,"25":1,"26":11,"27":11,"28":0,"29":4,"30":0},"f":{"0":15,"1":12,"2":0},"b":{"0":[0,15],"1":[15,15],"2":[1,14],"3":[14,10],"4":[0,12],"5":[12,12],"6":[0,12],"7":[1,11]},"_coverageSchema":"1a1c01bbd47fc00a2c39e90264f33305004495a9","hash":"c0f55531325045bdea1da28568a1a5163eb8ebc3"}
,"G:\\Code_Playground\\Web_development\\SugarCraft\\src\\controllers\\sweetController.js": {"path":"G:\\Code_Playground\\Web_development\\SugarCraft\\src\\controllers\\sweetController.js","statementMap":{"0":{"start":{"line":1,"column":14},"end":{"line":1,"column":40}},"1":{"start":{"line":3,"column":0},"end":{"line":14,"column":2}},"2":{"start":{"line":4,"column":46},"end":{"line":4,"column":54}},"3":{"start":{"line":5,"column":2},"end":{"line":7,"column":3}},"4":{"start":{"line":6,"column":4},"end":{"line":6,"column":68}},"5":{"start":{"line":8,"column":2},"end":{"line":13,"column":3}},"6":{"start":{"line":9,"column":18},"end":{"line":9,"column":73}},"7":{"start":{"line":10,"column":4},"end":{"line":10,"column":32}},"8":{"start":{"line":12,"column":4},"end":{"line":12,"column":54}},"9":{"start":{"line":16,"column":0},"end":{"line":23,"column":2}},"10":{"start":{"line":17,"column":2},"end":{"line":22,"column":3}},"11":{"start":{"line":18,"column":19},"end":{"line":18,"column":37}},"12":{"start":{"line":19,"column":4},"end":{"line":19,"column":33}},"13":{"start":{"line":21,"column":4},"end":{"line":21,"column":54}},"14":{"start":{"line":25,"column":0},"end":{"line":39,"column":2}},"15":{"start":{"line":26,"column":49},"end":{"line":26,"column":58}},"16":{"start":{"line":27,"column":14},"end":{"line":27,"column":16}},"17":{"start":{"line":28,"column":2},"end":{"line":28,"column":57}},"18":{"start":{"line":28,"column":12},"end":{"line":28,"column":57}},"19":{"start":{"line":29,"column":2},"end":{"line":29,"column":42}},"20":{"start":{"line":29,"column":16},"end":{"line":29,"column":42}},"21":{"start":{"line":30,"column":2},"end":{"line":30,"column":45}},"22":{"start":{"line":30,"column":28},"end":{"line":30,"column":45}},"23":{"start":{"line":31,"column":2},"end":{"line":31,"column":52}},"24":{"start":{"line":31,"column":16},"end":{"line":31,"column":52}},"25":{"start":{"line":32,"column":2},"end":{"line":32,"column":52}},"26":{"start":{"line":32,"column":16},"end":{"line":32,"column":52}},"27":{"start":{"line":33,"column":2},"end":{"line":38,"column":3}},"28":{"start":{"line":34,"column":19},"end":{"line":34,"column":42}},"29":{"start":{"line":35,"column":4},"end":{"line":35,"column":33}},"30":{"start":{"line":37,"column":4},"end":{"line":37,"column":54}},"31":{"start":{"line":41,"column":0},"end":{"line":49,"column":2}},"32":{"start":{"line":42,"column":2},"end":{"line":48,"column":3}},"33":{"start":{"line":43,"column":18},"end":{"line":43,"column":87}},"34":{"start":{"line":44,"column":4},"end":{"line":44,"column":76}},"35":{"start":{"line":44,"column":16},"end":{"line":44,"column":76}},"36":{"start":{"line":45,"column":4},"end":{"line":45,"column":32}},"37":{"start":{"line":47,"column":4},"end":{"line":47,"column":54}},"38":{"start":{"line":51,"column":0},"end":{"line":60,"column":2}},"39":{"start":{"line":53,"column":2},"end":{"line":59,"column":3}},"40":{"start":{"line":54,"column":18},"end":{"line":54,"column":62}},"41":{"start":{"line":55,"column":4},"end":{"line":55,"column":76}},"42":{"start":{"line":55,"column":16},"end":{"line":55,"column":76}},"43":{"start":{"line":56,"column":4},"end":{"line":56,"column":55}},"44":{"start":{"line":58,"column":4},"end":{"line":58,"column":54}},"45":{"start":{"line":62,"column":0},"end":{"line":75,"column":2}},"46":{"start":{"line":63,"column":23},"end":{"line":63,"column":31}},"47":{"start":{"line":64,"column":22},"end":{"line":64,"column":61}},"48":{"start":{"line":65,"column":2},"end":{"line":74,"column":3}},"49":{"start":{"line":66,"column":18},"end":{"line":66,"column":53}},"50":{"start":{"line":67,"column":4},"end":{"line":67,"column":76}},"51":{"start":{"line":67,"column":16},"end":{"line":67,"column":76}},"52":{"start":{"line":68,"column":4},"end":{"line":68,"column":99}},"53":{"start":{"line":68,"column":38},"end":{"line":68,"column":99}},"54":{"start":{"line":69,"column":4},"end":{"line":69,"column":34}},"55":{"start":{"line":70,"column":4},"end":{"line":70,"column":23}},"56":{"start":{"line":71,"column":4},"end":{"line":71,"column":81}},"57":{"start":{"line":73,"column":4},"end":{"line":73,"column":54}},"58":{"start":{"line":77,"column":0},"end":{"line":89,"column":2}},"59":{"start":{"line":78,"column":21},"end":{"line":78,"column":29}},"60":{"start":{"line":79,"column":2},"end":{"line":79,"column":97}},"61":{"start":{"line":79,"column":30},"end":{"line":79,"column":97}},"62":{"start":{"line":80,"column":2},"end":{"line":88,"column":3}},"63":{"start":{"line":81,"column":18},"end":{"line":81,"column":53}},"64":{"start":{"line":82,"column":4},"end":{"line":82,"column":76}},"65":{"start":{"line":82,"column":16},"end":{"line":82,"column":76}},"66":{"start":{"line":83,"column":4},"end":{"line":83,"column":29}},"67":{"start":{"line":84,"column":4},"end":{"line":84,"column":23}},"68":{"start":{"line":85,"column":4},"end":{"line":85,"column":67}},"69":{"start":{"line":87,"column":4},"end":{"line":87,"column":54}}},"fnMap":{"0":{"name":"(anonymous_0)","decl":{"start":{"line":3,"column":22},"end":{"line":3,"column":23}},"loc":{"start":{"line":3,"column":42},"end":{"line":14,"column":1}},"line":3},"1":{"name":"(anonymous_1)","decl":{"start":{"line":16,"column":20},"end":{"line":16,"column":21}},"loc":{"start":{"line":16,"column":40},"end":{"line":23,"column":1}},"line":16},"2":{"name":"(anonymous_2)","decl":{"start":{"line":25,"column":23},"end":{"line":25,"column":24}},"loc":{"start":{"line":25,"column":43},"end":{"line":39,"column":1}},"line":25},"3":{"name":"(anonymous_3)","decl":{"start":{"line":41,"column":22},"end":{"line":41,"column":23}},"loc":{"start":{"line":41,"column":42},"end":{"line":49,"column":1}},"line":41},"4":{"name":"(anonymous_4)","decl":{"start":{"line":51,"column":22},"end":{"line":51,"column":23}},"loc":{"start":{"line":51,"column":42},"end":{"line":60,"column":1}},"line":51},"5":{"name":"(anonymous_5)","decl":{"start":{"line":62,"column":24},"end":{"line":62,"column":25}},"loc":{"start":{"line":62,"column":44},"end":{"line":75,"column":1}},"line":62},"6":{"name":"(anonymous_6)","decl":{"start":{"line":77,"column":23},"end":{"line":77,"column":24}},"loc":{"start":{"line":77,"column":43},"end":{"line":89,"column":1}},"line":77}},"branchMap":{"0":{"loc":{"start":{"line":5,"column":2},"end":{"line":7,"column":3}},"type":"if","locations":[{"start":{"line":5,"column":2},"end":{"line":7,"column":3}},{"start":{},"end":{}}],"line":5},"1":{"loc":{"start":{"line":5,"column":6},"end":{"line":5,"column":61}},"type":"binary-expr","locations":[{"start":{"line":5,"column":6},"end":{"line":5,"column":11}},{"start":{"line":5,"column":15},"end":{"line":5,"column":24}},{"start":{"line":5,"column":28},"end":{"line":5,"column":41}},{"start":{"line":5,"column":45},"end":{"line":5,"column":61}}],"line":5},"2":{"loc":{"start":{"line":28,"column":2},"end":{"line":28,"column":57}},"type":"if","locations":[{"start":{"line":28,"column":2},"end":{"line":28,"column":57}},{"start":{},"end":{}}],"line":28},"3":{"loc":{"start":{"line":29,"column":2},"end":{"line":29,"column":42}},"type":"if","locations":[{"start":{"line":29,"column":2},"end":{"line":29,"column":42}},{"start":{},"end":{}}],"line":29},"4":{"loc":{"start":{"line":30,"column":2},"end":{"line":30,"column":45}},"type":"if","locations":[{"start":{"line":30,"column":2},"end":{"line":30,"column":45}},{"start":{},"end":{}}],"line":30},"5":{"loc":{"start":{"line":30,"column":6},"end":{"line":30,"column":26}},"type":"binary-expr","locations":[{"start":{"line":30,"column":6},"end":{"line":30,"column":14}},{"start":{"line":30,"column":18},"end":{"line":30,"column":26}}],"line":30},"6":{"loc":{"start":{"line":31,"column":2},"end":{"line":31,"column":52}},"type":"if","locations":[{"start":{"line":31,"column":2},"end":{"line":31,"column":52}},{"start":{},"end":{}}],"line":31},"7":{"loc":{"start":{"line":32,"column":2},"end":{"line":32,"column":52}},"type":"if","locations":[{"start":{"line":32,"column":2},"end":{"line":32,"column":52}},{"start":{},"end":{}}],"line":32},"8":{"loc":{"start":{"line":44,"column":4},"end":{"line":44,"column":76}},"type":"if","locations":[{"start":{"line":44,"column":4},"end":{"line":44,"column":76}},{"start":{},"end":{}}],"line":44},"9":{"loc":{"start":{"line":55,"column":4},"end":{"line":55,"column":76}},"type":"if","locations":[{"start":{"line":55,"column":4},"end":{"line":55,"column":76}},{"start":{},"end":{}}],"line":55},"10":{"loc":{"start":{"line":64,"column":22},"end":{"line":64,"column":61}},"type":"cond-expr","locations":[{"start":{"line":64,"column":49},"end":{"line":64,"column":57}},{"start":{"line":64,"column":60},"end":{"line":64,"column":61}}],"line":64},"11":{"loc":{"start":{"line":64,"column":22},"end":{"line":64,"column":46}},"type":"binary-expr","locations":[{"start":{"line":64,"column":22},"end":{"line":64,"column":30}},{"start":{"line":64,"column":34},"end":{"line":64,"column":46}}],"line":64},"12":{"loc":{"start":{"line":67,"column":4},"end":{"line":67,"column":76}},"type":"if","locations":[{"start":{"line":67,"column":4},"end":{"line":67,"column":76}},{"start":{},"end":{}}],"line":67},"13":{"loc":{"start":{"line":68,"column":4},"end":{"line":68,"column":99}},"type":"if","locations":[{"start":{"line":68,"column":4},"end":{"line":68,"column":99}},{"start":{},"end":{}}],"line":68},"14":{"loc":{"start":{"line":79,"column":2},"end":{"line":79,"column":97}},"type":"if","locations":[{"start":{"line":79,"column":2},"end":{"line":79,"column":97}},{"start":{},"end":{}}],"line":79},"15":{"loc":{"start":{"line":79,"column":6},"end":{"line":79,"column":28}},"type":"binary-expr","locations":[{"start":{"line":79,"column":6},"end":{"line":79,"column":13}},{"start":{"line":79,"column":17},"end":{"line":79,"column":28}}],"line":79},"16":{"loc":{"start":{"line":82,"column":4},"end":{"line":82,"column":76}},"type":"if","locations":[{"start":{"line":82,"column":4},"end":{"line":82,"column":76}},{"start":{},"end":{}}],"line":82}},"s":{"0":4,"1":4,"2":6,"3":6,"4":0,"5":6,"6":6,"7":6,"8":0,"9":4,"10":1,"11":1,"12":1,"13":0,"14":4,"15":0,"16":0,"17":0,"18":0,"19":0,"20":0,"21":0,"22":0,"23":0,"24":0,"25":0,"26":0,"27":0,"28":0,"29":0,"30":0,"31":4,"32":0,"33":0,"34":0,"35":0,"36":0,"37":0,"38":4,"39":1,"40":1,"41":1,"42":0,"43":1,"44":0,"45":4,"46":1,"47":1,"48":1,"49":1,"50":1,"51":0,"52":1,"53":0,"54":1,"55":1,"56":1,"57":0,"58":4,"59":1,"60":1,"61":0,"62":1,"63":1,"64":1,"65":0,"66":1,"67":1,"68":1,"69":0},"f":{"0":6,"1":1,"2":0,"3":0,"4":1,"5":1,"6":1},"b":{"0":[0,6],"1":[6,6,6,6],"2":[0,0],"3":[0,0],"4":[0,0],"5":[0,0],"6":[0,0],"7":[0,0],"8":[0,0],"9":[0,1],"10":[1,0],"11":[1,1],"12":[0,1],"13":[0,1],"14":[0,1],"15":[1,1],"16":[0,1]},"_coverageSchema":"1a1c01bbd47fc00a2c39e90264f33305004495a9","hash":"ff5ac35d8706adf2304029998bd93970153b06a9"}
,"G:\\Code_Playground\\Web_development\\SugarCraft\\src\\middleware\\adminMiddleware.js": {"path":"G:\\Code_Playground\\Web_development\\SugarCraft\\src\\middleware\\adminMiddleware.js","statementMap":{"0":{"start":{"line":1,"column":0},"end":{"line":6,"column":2}},"1":{"start":{"line":2,"column":2},"end":{"line":4,"column":3}},"2":{"start":{"line":3,"column":4},"end":{"line":3,"column":18}},"3":{"start":{"line":5,"column":2},"end":{"line":5,"column":68}}},"fnMap":{"0":{"name":"(anonymous_0)","decl":{"start":{"line":1,"column":17},"end":{"line":1,"column":18}},"loc":{"start":{"line":1,"column":43},"end":{"line":6,"column":1}},"line":1}},"branchMap":{"0":{"loc":{"start":{"line":2,"column":2},"end":{"line":4,"column":3}},"type":"if","locations":[{"start":{"line":2,"column":2},"end":{"line":4,"column":3}},{"start":{},"end":{}}],"line":2},"1":{"loc":{"start":{"line":2,"column":6},"end":{"line":2,"column":43}},"type":"binary-expr","locations":[{"start":{"line":2,"column":6},"end":{"line":2,"column":14}},{"start":{"line":2,"column":18},"end":{"line":2,"column":43}}],"line":2}},"s":{"0":4,"1":3,"2":2,"3":1},"f":{"0":3},"b":{"0":[2,1],"1":[3,3]},"_coverageSchema":"1a1c01bbd47fc00a2c39e90264f33305004495a9","hash":"bf9d3f8f1ef2bc22f64a68d7a12e5c3528d66e1d"}
,"G:\\Code_Playground\\Web_development\\SugarCraft\\src\\middleware\\authMiddleware.js": {"path":"G:\\Code_Playground\\Web_development\\SugarCraft\\src\\middleware\\authMiddleware.js","statementMap":{"0":{"start":{"line":1,"column":12},"end":{"line":1,"column":35}},"1":{"start":{"line":3,"column":0},"end":{"line":14,"column":2}},"2":{"start":{"line":4,"column":21},"end":{"line":4,"column":46}},"3":{"start":{"line":5,"column":2},"end":{"line":5,"column":81}},"4":{"start":{"line":5,"column":19},"end":{"line":5,"column":81}},"5":{"start":{"line":6,"column":16},"end":{"line":6,"column":40}},"6":{"start":{"line":7,"column":2},"end":{"line":13,"column":3}},"7":{"start":{"line":8,"column":20},"end":{"line":8,"column":61}},"8":{"start":{"line":9,"column":4},"end":{"line":9,"column":23}},"9":{"start":{"line":10,"column":4},"end":{"line":10,"column":11}},"10":{"start":{"line":12,"column":4},"end":{"line":12,"column":55}}},"fnMap":{"0":{"name":"(anonymous_0)","decl":{"start":{"line":3,"column":17},"end":{"line":3,"column":18}},"loc":{"start":{"line":3,"column":43},"end":{"line":14,"column":1}},"line":3}},"branchMap":{"0":{"loc":{"start":{"line":5,"column":2},"end":{"line":5,"column":81}},"type":"if","locations":[{"start":{"line":5,"column":2},"end":{"line":5,"column":81}},{"start":{},"end":{}}],"line":5}},"s":{"0":4,"1":4,"2":11,"3":11,"4":0,"5":11,"6":11,"7":11,"8":11,"9":11,"10":0},"f":{"0":11},"b":{"0":[0,11]},"_coverageSchema":"1a1c01bbd47fc00a2c39e90264f33305004495a9","hash":"ebab6928ca188983dc5511bb985a4301059dd3ff"}
,"G:\\Code_Playground\\Web_development\\SugarCraft\\src\\models\\Sweet.js": {"path":"G:\\Code_Playground\\Web_development\\SugarCraft\\src\\models\\Sweet.js","statementMap":{"0":{"start":{"line":1,"column":17},"end":{"line":1,"column":36}},"1":{"start":{"line":3,"column":20},"end":{"line":8,"column":2}},"2":{"start":{"line":10,"column":0},"end":{"line":10,"column":54}}},"fnMap":{},"branchMap":{},"s":{"0":4,"1":4,"2":4},"f":{},"b":{},"_coverageSchema":"1a1c01bbd47fc00a2c39e90264f33305004495a9","hash":"f54c96fe8d97afb2ce26d83508037eded2aa5674"}
,"G:\\Code_Playground\\Web_development\\SugarCraft\\src\\models\\User.js": {"path":"G:\\Code_Playground\\Web_development\\SugarCraft\\src\\models\\User.js","statementMap":{"0":{"start":{"line":1,"column":17},"end":{"line":1,"column":36}},"1":{"start":{"line":3,"column":19},"end":{"line":7,"column":2}},"2":{"start":{"line":9,"column":0},"end":{"line":9,"column":52}}},"fnMap":{},"branchMap":{},"s":{"0":4,"1":4,"2":4},"f":{},"b":{},"_coverageSchema":"1a1c01bbd47fc00a2c39e90264f33305004495a9","hash":"2a895b0fc2e7e2b90648a7185c9787c393ae280e"}
,"G:\\Code_Playground\\Web_development\\SugarCraft\\src\\routes\\authRoutes.js": {"path":"G:\\Code_Playground\\Web_development\\SugarCraft\\src\\routes\\authRoutes.js","statementMap":{"0":{"start":{"line":1,"column":16},"end":{"line":1,"column":34}},"1":{"start":{"line":2,"column":15},"end":{"line":2,"column":31}},"2":{"start":{"line":3,"column":23},"end":{"line":3,"column":63}},"3":{"start":{"line":5,"column":0},"end":{"line":5,"column":50}},"4":{"start":{"line":6,"column":0},"end":{"line":6,"column":44}},"5":{"start":{"line":7,"column":0},"end":{"line":7,"column":46}},"6":{"start":{"line":9,"column":0},"end":{"line":9,"column":24}}},"fnMap":{},"branchMap":{},"s":{"0":4,"1":4,"2":4,"3":4,"4":4,"5":4,"6":4},"f":{},"b":{},"_coverageSchema":"1a1c01bbd47fc00a2c39e90264f33305004495a9","hash":"86810fc2893045ed3c099a5b8587a805d27b8ac6"}
,"G:\\Code_Playground\\Web_development\\SugarCraft\\src\\routes\\sweetRoutes.js": {"path":"G:\\Code_Playground\\Web_development\\SugarCraft\\src\\routes\\sweetRoutes.js","statementMap":{"0":{"start":{"line":1,"column":16},"end":{"line":1,"column":34}},"1":{"start":{"line":2,"column":15},"end":{"line":2,"column":31}},"2":{"start":{"line":3,"column":24},"end":{"line":3,"column":65}},"3":{"start":{"line":4,"column":23},"end":{"line":4,"column":62}},"4":{"start":{"line":5,"column":24},"end":{"line":5,"column":64}},"5":{"start":{"line":7,"column":0},"end":{"line":7,"column":62}},"6":{"start":{"line":8,"column":0},"end":{"line":8,"column":59}},"7":{"start":{"line":9,"column":0},"end":{"line":9,"column":68}},"8":{"start":{"line":10,"column":0},"end":{"line":10,"column":64}},"9":{"start":{"line":11,"column":0},"end":{"line":11,"column":84}},"10":{"start":{"line":12,"column":0},"end":{"line":12,"column":76}},"11":{"start":{"line":13,"column":0},"end":{"line":13,"column":91}},"12":{"start":{"line":15,"column":0},"end":{"line":15,"column":24}}},"fnMap":{},"branchMap":{},"s":{"0":4,"1":4,"2":4,"3":4,"4":4,"5":4,"6":4,"7":4,"8":4,"9":4,"10":4,"11":4,"12":4},"f":{},"b":{},"_coverageSchema":"1a1c01bbd47fc00a2c39e90264f33305004495a9","hash":"89596865c64b7c6748960159ff8f1727bb1791c1"}
}
