TN:
SF:src\index.js
FN:12,(anonymous_0)
FNF:1
FNH:0
FNDA:0,(anonymous_0)
DA:1,4
DA:2,4
DA:3,4
DA:4,4
DA:6,4
DA:7,4
DA:9,4
DA:10,4
DA:12,4
DA:13,0
DA:16,4
LF:11
LH:10
BRF:0
BRH:0
end_of_record
TN:
SF:src\controllers\authController.js
FN:5,(anonymous_0)
FN:23,(anonymous_1)
FN:44,(anonymous_2)
FNF:3
FNH:2
FNDA:15,(anonymous_0)
FNDA:12,(anonymous_1)
FNDA:0,(anonymous_2)
DA:1,4
DA:2,4
DA:3,4
DA:5,4
DA:6,15
DA:7,15
DA:8,0
DA:10,15
DA:11,15
DA:12,15
DA:13,1
DA:15,14
DA:16,14
DA:17,14
DA:19,0
DA:23,4
DA:24,12
DA:25,12
DA:26,0
DA:28,12
DA:29,12
DA:30,12
DA:31,0
DA:33,12
DA:34,12
DA:35,1
DA:37,11
DA:38,11
DA:40,0
DA:44,4
DA:46,0
LF:31
LH:25
BRDA:7,0,0,0
BRDA:7,0,1,15
BRDA:7,1,0,15
BRDA:7,1,1,15
BRDA:12,2,0,1
BRDA:12,2,1,14
BRDA:16,3,0,14
BRDA:16,3,1,10
BRDA:25,4,0,0
BRDA:25,4,1,12
BRDA:25,5,0,12
BRDA:25,5,1,12
BRDA:30,6,0,0
BRDA:30,6,1,12
BRDA:34,7,0,1
BRDA:34,7,1,11
BRF:16
BRH:13
end_of_record
TN:
SF:src\controllers\sweetController.js
FN:3,(anonymous_0)
FN:16,(anonymous_1)
FN:25,(anonymous_2)
FN:41,(anonymous_3)
FN:51,(anonymous_4)
FN:62,(anonymous_5)
FN:77,(anonymous_6)
FNF:7
FNH:5
FNDA:6,(anonymous_0)
FNDA:1,(anonymous_1)
FNDA:0,(anonymous_2)
FNDA:0,(anonymous_3)
FNDA:1,(anonymous_4)
FNDA:1,(anonymous_5)
FNDA:1,(anonymous_6)
DA:1,4
DA:3,4
DA:4,6
DA:5,6
DA:6,0
DA:8,6
DA:9,6
DA:10,6
DA:12,0
DA:16,4
DA:17,1
DA:18,1
DA:19,1
DA:21,0
DA:25,4
DA:26,0
DA:27,0
DA:28,0
DA:29,0
DA:30,0
DA:31,0
DA:32,0
DA:33,0
DA:34,0
DA:35,0
DA:37,0
DA:41,4
DA:42,0
DA:43,0
DA:44,0
DA:45,0
DA:47,0
DA:51,4
DA:53,1
DA:54,1
DA:55,1
DA:56,1
DA:58,0
DA:62,4
DA:63,1
DA:64,1
DA:65,1
DA:66,1
DA:67,1
DA:68,1
DA:69,1
DA:70,1
DA:71,1
DA:73,0
DA:77,4
DA:78,1
DA:79,1
DA:80,1
DA:81,1
DA:82,1
DA:83,1
DA:84,1
DA:85,1
DA:87,0
LF:59
LH:37
BRDA:5,0,0,0
BRDA:5,0,1,6
BRDA:5,1,0,6
BRDA:5,1,1,6
BRDA:5,1,2,6
BRDA:5,1,3,6
BRDA:28,2,0,0
BRDA:28,2,1,0
BRDA:29,3,0,0
BRDA:29,3,1,0
BRDA:30,4,0,0
BRDA:30,4,1,0
BRDA:30,5,0,0
BRDA:30,5,1,0
BRDA:31,6,0,0
BRDA:31,6,1,0
BRDA:32,7,0,0
BRDA:32,7,1,0
BRDA:44,8,0,0
BRDA:44,8,1,0
BRDA:55,9,0,0
BRDA:55,9,1,1
BRDA:64,10,0,1
BRDA:64,10,1,0
BRDA:64,11,0,1
BRDA:64,11,1,1
BRDA:67,12,0,0
BRDA:67,12,1,1
BRDA:68,13,0,0
BRDA:68,13,1,1
BRDA:79,14,0,0
BRDA:79,14,1,1
BRDA:79,15,0,1
BRDA:79,15,1,1
BRDA:82,16,0,0
BRDA:82,16,1,1
BRF:36
BRH:15
end_of_record
TN:
SF:src\middleware\adminMiddleware.js
FN:1,(anonymous_0)
FNF:1
FNH:1
FNDA:3,(anonymous_0)
DA:1,4
DA:2,3
DA:3,2
DA:5,1
LF:4
LH:4
BRDA:2,0,0,2
BRDA:2,0,1,1
BRDA:2,1,0,3
BRDA:2,1,1,3
BRF:4
BRH:4
end_of_record
TN:
SF:src\middleware\authMiddleware.js
FN:3,(anonymous_0)
FNF:1
FNH:1
FNDA:11,(anonymous_0)
DA:1,4
DA:3,4
DA:4,11
DA:5,11
DA:6,11
DA:7,11
DA:8,11
DA:9,11
DA:10,11
DA:12,0
LF:10
LH:9
BRDA:5,0,0,0
BRDA:5,0,1,11
BRF:2
BRH:1
end_of_record
TN:
SF:src\models\Sweet.js
FNF:0
FNH:0
DA:1,4
DA:3,4
DA:10,4
LF:3
LH:3
BRF:0
BRH:0
end_of_record
TN:
SF:src\models\User.js
FNF:0
FNH:0
DA:1,4
DA:3,4
DA:9,4
LF:3
LH:3
BRF:0
BRH:0
end_of_record
TN:
SF:src\routes\authRoutes.js
FNF:0
FNH:0
DA:1,4
DA:2,4
DA:3,4
DA:5,4
DA:6,4
DA:7,4
DA:9,4
LF:7
LH:7
BRF:0
BRH:0
end_of_record
TN:
SF:src\routes\sweetRoutes.js
FNF:0
FNH:0
DA:1,4
DA:2,4
DA:3,4
DA:4,4
DA:5,4
DA:7,4
DA:8,4
DA:9,4
DA:10,4
DA:11,4
DA:12,4
DA:13,4
DA:15,4
LF:13
LH:13
BRF:0
BRH:0
end_of_record
